<?xml version="1.0" encoding="UTF-8"?>
<!-- Generated by org.testng.reporters.JUnitReportReporter -->
<testsuite hostname="DESKTOP-VRMFV23" failures="0" tests="1" name="mypackage.NewTest" time="8.180" errors="0" timestamp="2024-07-26T08:24:49 IST" skipped="0">
  <testcase classname="mypackage.NewTest" name="f" time="8.180"/>
  <system-out/>
</testsuite> <!-- mypackage.NewTest -->
